2021-07-11 22:26:16,573  INFO [main] BaseTest:20 - Second method runs out
 2021-07-11 22:33:51,728  INFO [main] BaseTest:20 - Second method runs out
 2021-07-11 22:33:52,393 DEBUG [main] cache:45 - Couldn't find template in cache for "Extent.ftl"("en_IN", UTF-8, parsed); will try to load it.
 2021-07-11 22:33:52,394 DEBUG [main] cache:45 - TemplateLoader.findTemplateSource("Extent_en_IN.ftl"): Not found
 2021-07-11 22:33:52,395 DEBUG [main] cache:45 - TemplateLoader.findTemplateSource("Extent_en.ftl"): Not found
 2021-07-11 22:33:52,395 DEBUG [main] cache:45 - TemplateLoader.findTemplateSource("Extent.ftl"): Found
 2021-07-11 22:33:52,396 DEBUG [main] cache:45 - Loading template for "Extent.ftl"("en_IN", UTF-8, parsed) from "jar:file:/Users/sanyamwadhwa/.m2/repository/com/relevantcodes/extentreports/2.41.2/extentreports-2.41.2.jar!/com/relevantcodes/extentreports/view/Extent.ftl"
 2021-07-11 22:33:52,594 DEBUG [main] cache:45 - Couldn't find template in cache for "Extent.ftl"("en_IN", UTF-8, parsed); will try to load it.
 2021-07-11 22:33:52,595 DEBUG [main] cache:45 - TemplateLoader.findTemplateSource("Extent_en_IN.ftl"): Not found
 2021-07-11 22:33:52,595 DEBUG [main] cache:45 - TemplateLoader.findTemplateSource("Extent_en.ftl"): Not found
 2021-07-11 22:33:52,595 DEBUG [main] cache:45 - TemplateLoader.findTemplateSource("Extent.ftl"): Found
 2021-07-11 22:33:52,595 DEBUG [main] cache:45 - Loading template for "Extent.ftl"("en_IN", UTF-8, parsed) from "jar:file:/Users/sanyamwadhwa/.m2/repository/com/relevantcodes/extentreports/2.41.2/extentreports-2.41.2.jar!/com/relevantcodes/extentreports/view/Extent.ftl"
 2021-07-11 23:24:30,008  INFO [main] BaseTest:20 - Second method runs out
 2021-07-11 23:24:30,051 DEBUG [main] cache:45 - Couldn't find template in cache for "Extent.ftl"("en_IN", UTF-8, parsed); will try to load it.
 2021-07-11 23:24:30,053 DEBUG [main] cache:45 - TemplateLoader.findTemplateSource("Extent_en_IN.ftl"): Not found
 2021-07-11 23:24:30,055 DEBUG [main] cache:45 - TemplateLoader.findTemplateSource("Extent_en.ftl"): Not found
 2021-07-11 23:24:30,057 DEBUG [main] cache:45 - TemplateLoader.findTemplateSource("Extent.ftl"): Found
 2021-07-11 23:24:30,057 DEBUG [main] cache:45 - Loading template for "Extent.ftl"("en_IN", UTF-8, parsed) from "jar:file:/Users/sanyamwadhwa/.m2/repository/com/relevantcodes/extentreports/2.41.2/extentreports-2.41.2.jar!/com/relevantcodes/extentreports/view/Extent.ftl"
 2021-07-11 23:24:30,266 DEBUG [main] cache:45 - Couldn't find template in cache for "Extent.ftl"("en_IN", UTF-8, parsed); will try to load it.
 2021-07-11 23:24:30,267 DEBUG [main] cache:45 - TemplateLoader.findTemplateSource("Extent_en_IN.ftl"): Not found
 2021-07-11 23:24:30,267 DEBUG [main] cache:45 - TemplateLoader.findTemplateSource("Extent_en.ftl"): Not found
 2021-07-11 23:24:30,267 DEBUG [main] cache:45 - TemplateLoader.findTemplateSource("Extent.ftl"): Found
 2021-07-11 23:24:30,267 DEBUG [main] cache:45 - Loading template for "Extent.ftl"("en_IN", UTF-8, parsed) from "jar:file:/Users/sanyamwadhwa/.m2/repository/com/relevantcodes/extentreports/2.41.2/extentreports-2.41.2.jar!/com/relevantcodes/extentreports/view/Extent.ftl"
 2021-07-11 23:24:30,431 DEBUG [main] cache:45 - Couldn't find template in cache for "Extent.ftl"("en_IN", UTF-8, parsed); will try to load it.
 2021-07-11 23:24:30,431 DEBUG [main] cache:45 - TemplateLoader.findTemplateSource("Extent_en_IN.ftl"): Not found
 2021-07-11 23:24:30,432 DEBUG [main] cache:45 - TemplateLoader.findTemplateSource("Extent_en.ftl"): Not found
 2021-07-11 23:24:30,432 DEBUG [main] cache:45 - TemplateLoader.findTemplateSource("Extent.ftl"): Found
 2021-07-11 23:24:30,432 DEBUG [main] cache:45 - Loading template for "Extent.ftl"("en_IN", UTF-8, parsed) from "jar:file:/Users/sanyamwadhwa/.m2/repository/com/relevantcodes/extentreports/2.41.2/extentreports-2.41.2.jar!/com/relevantcodes/extentreports/view/Extent.ftl"
 2021-07-11 23:24:30,470 DEBUG [main] cache:45 - Couldn't find template in cache for "Extent.ftl"("en_IN", UTF-8, parsed); will try to load it.
 2021-07-11 23:24:30,471 DEBUG [main] cache:45 - TemplateLoader.findTemplateSource("Extent_en_IN.ftl"): Not found
 2021-07-11 23:24:30,471 DEBUG [main] cache:45 - TemplateLoader.findTemplateSource("Extent_en.ftl"): Not found
 2021-07-11 23:24:30,471 DEBUG [main] cache:45 - TemplateLoader.findTemplateSource("Extent.ftl"): Found
 2021-07-11 23:24:30,471 DEBUG [main] cache:45 - Loading template for "Extent.ftl"("en_IN", UTF-8, parsed) from "jar:file:/Users/sanyamwadhwa/.m2/repository/com/relevantcodes/extentreports/2.41.2/extentreports-2.41.2.jar!/com/relevantcodes/extentreports/view/Extent.ftl"
 2021-07-11 23:35:24,839  INFO [main] BaseTest:20 - Second method runs out
 2021-07-11 23:35:24,873 DEBUG [main] cache:45 - Couldn't find template in cache for "Extent.ftl"("en_IN", UTF-8, parsed); will try to load it.
 2021-07-11 23:35:24,875 DEBUG [main] cache:45 - TemplateLoader.findTemplateSource("Extent_en_IN.ftl"): Not found
 2021-07-11 23:35:24,876 DEBUG [main] cache:45 - TemplateLoader.findTemplateSource("Extent_en.ftl"): Not found
 2021-07-11 23:35:24,877 DEBUG [main] cache:45 - TemplateLoader.findTemplateSource("Extent.ftl"): Found
 2021-07-11 23:35:24,877 DEBUG [main] cache:45 - Loading template for "Extent.ftl"("en_IN", UTF-8, parsed) from "jar:file:/Users/sanyamwadhwa/.m2/repository/com/relevantcodes/extentreports/2.41.2/extentreports-2.41.2.jar!/com/relevantcodes/extentreports/view/Extent.ftl"
 2021-07-11 23:35:25,139 DEBUG [main] cache:45 - Couldn't find template in cache for "Extent.ftl"("en_IN", UTF-8, parsed); will try to load it.
 2021-07-11 23:35:25,139 DEBUG [main] cache:45 - TemplateLoader.findTemplateSource("Extent_en_IN.ftl"): Not found
 2021-07-11 23:35:25,139 DEBUG [main] cache:45 - TemplateLoader.findTemplateSource("Extent_en.ftl"): Not found
 2021-07-11 23:35:25,140 DEBUG [main] cache:45 - TemplateLoader.findTemplateSource("Extent.ftl"): Found
 2021-07-11 23:35:25,140 DEBUG [main] cache:45 - Loading template for "Extent.ftl"("en_IN", UTF-8, parsed) from "jar:file:/Users/sanyamwadhwa/.m2/repository/com/relevantcodes/extentreports/2.41.2/extentreports-2.41.2.jar!/com/relevantcodes/extentreports/view/Extent.ftl"
 2021-07-11 23:35:25,368 DEBUG [main] cache:45 - Couldn't find template in cache for "Extent.ftl"("en_IN", UTF-8, parsed); will try to load it.
 2021-07-11 23:35:25,368 DEBUG [main] cache:45 - TemplateLoader.findTemplateSource("Extent_en_IN.ftl"): Not found
 2021-07-11 23:35:25,369 DEBUG [main] cache:45 - TemplateLoader.findTemplateSource("Extent_en.ftl"): Not found
 2021-07-11 23:35:25,369 DEBUG [main] cache:45 - TemplateLoader.findTemplateSource("Extent.ftl"): Found
 2021-07-11 23:35:25,369 DEBUG [main] cache:45 - Loading template for "Extent.ftl"("en_IN", UTF-8, parsed) from "jar:file:/Users/sanyamwadhwa/.m2/repository/com/relevantcodes/extentreports/2.41.2/extentreports-2.41.2.jar!/com/relevantcodes/extentreports/view/Extent.ftl"
 2021-07-11 23:35:25,409 DEBUG [main] cache:45 - Couldn't find template in cache for "Extent.ftl"("en_IN", UTF-8, parsed); will try to load it.
 2021-07-11 23:35:25,409 DEBUG [main] cache:45 - TemplateLoader.findTemplateSource("Extent_en_IN.ftl"): Not found
 2021-07-11 23:35:25,410 DEBUG [main] cache:45 - TemplateLoader.findTemplateSource("Extent_en.ftl"): Not found
 2021-07-11 23:35:25,410 DEBUG [main] cache:45 - TemplateLoader.findTemplateSource("Extent.ftl"): Found
 2021-07-11 23:35:25,411 DEBUG [main] cache:45 - Loading template for "Extent.ftl"("en_IN", UTF-8, parsed) from "jar:file:/Users/sanyamwadhwa/.m2/repository/com/relevantcodes/extentreports/2.41.2/extentreports-2.41.2.jar!/com/relevantcodes/extentreports/view/Extent.ftl"
 